Monday September 23rd 2013 10:44 am -04:00,Method Description:Have you tested your function with a valid DNA sequeunce that uses        all the nucleotides?Message:FAILURE: AssertionErrorFalse is not true : Have you tested your function with a valid DNA sequeunce that uses            all the nucleotides?i tried it with all the nucleotides in idle iam getting answer as False but still i keep geting this errorÂ , Unresolved,0
