Saturday September 28th 2013 12:50 am -04:00,I am having trouble with this I keep getting just the N and not the S  I have tried many ways, Resolved,0
Sunday September 29th 2013 2:51 pm -04:00,can someone give me and ideal how I can rstrip and append in same line please?, Unresolved,0
Sunday September 29th 2013 9:06 am -04:00,okay still stuck now getting a error that says wordlist1_file not defineokay help please here is what I have.create a new filedo a for linehave new list readline from first listappend to new fileam I even close, Unresolved,0
Sunday September 29th 2013 9:43 am -04:00,I am trying to create a wordlist2  file. I thought that was what we where to do?, Unresolved,0
Sunday September 29th 2013 12:53 pm -04:00,do you have to use _file and _filename in it?, Unresolved,0
Sunday September 29th 2013 9:29 am -04:00,student: test_a3.Test_11_NumWordsOnBoard.test_02_normal FAILURE [x]Method Description:NoneMessage:FAILURE: AssertionError44 != 13 : Wrong number of words found on board.	 student: test_a3.Test_11_NumWordsOnBoard.test_03_empty SUCCESS [x]Method Description:NoneMessage:SUCCESS	 student: test_a3.Test_11_NumWordsOnBoard.test_04_none_present SUCCESS [x]Method Description:NoneMessage:SUCCESS	 student: test_a3.Test_04_MakeStrFromRow.test_01_return_type SUCCESS [x]Method Description:NoneMessage:SUCCESS	 student: test_a3.Test_04_MakeStrFromRow.test_02_middle_row SUCCESS [x]Method Description:NoneMessage:SUCCESS	 student: test_a3.Test_04_MakeStrFromRow.test_03_end_rows SUCCESS [x]Method Description:NoneMessage:SUCCESS	 student: test_a3.Test_09_WordScore.test_01_return_type SUCCESS [x]Method Description:NoneMessage:SUCCESS	 student: test_a3.Test_09_WordScore.test_02_tiny_word SUCCESS [x]Method Description:NoneMessage:SUCCESS	 student: test_a3.Test_09_WordScore.test_03_short_word SUCCESS [x]Method Description:NoneMessage:SUCCESS	 student: test_a3.Test_09_WordScore.test_04_medium_word SUCCESS [x]Method Description:NoneMessage:SUCCESS	 student: test_a3.Test_09_WordScore.test_05_long_word SUCCESS [x]Method Description:NoneMessage:SUCCESS	 student: test_a3.Test_10_UpdateScore.test_01_return_type FAILURE [x]Method Description:NoneMessage:FAILURE: AssertionErrorFalse is not true : Expected no value to be returned.	 student: test_a3.Test_10_UpdateScore.test_02_word FAILURE [x]Method Description:NoneMessage:FAILURE: AssertionErrorTrue is not false : Score not updated.	 student: test_a3.Test_08_BoardContainsWord.test_01_return_type SUCCESS [x]Method Description:NoneMessage:SUCCESS	 student: test_a3.Test_08_BoardContainsWord.test_02_word_in_middle_col SUCCESS [x]Method Description:NoneMessage:SUCCESS	 student: test_a3.Test_08_BoardContainsWord.test_03_word_in_middle_row FAILURE [x]Method Description:NoneMessage:FAILURE: AssertionErrorFalse != True : Word not found., Unresolved,0
Sunday September 29th 2013 12:56 pm -04:00,would not let me add text before.  Not understanding why I am getting these errors when it worked fine before., Unresolved,0
Sunday September 29th 2013 6:03 pm -04:00,okay I am getting this error for read_board and not sure why. tried to change things so not to violate honor code. hope someone can help I am out of time for working on this.new ver=     for line in file name:        line = filename.readline()        while line !=:           new ver.append.rstrip()            line = original file name.readline()    return new ver, Unresolved,0
Sunday September 29th 2013 9:34 pm -04:00,okay my read_words works until I do the read_board and then I get this error.False is not true : While checking return type it appears as if the given file was not read correctly. It also makes 7 others fail.  Can someone please help I now have a score of 29., Unresolved,0
