Tuesday September 3rd 2013 1:17 am -04:00,My single failure is:student: test_get_hours.TestGetHours.test_large_inputAnd the message says:FAILURE: AssertionError9 != 105I have no idea what the message means but Ive tested large numbers for the get_hours function and they seem to work just fine. Anyone know what exactly this means or what I could do to fix it?, Unresolved,0
