Monday September 9th 2013 1:25 pm -04:00,ok i need help i cant seem to figure out wat i have done wrong i have tested my code on all the given examples above n it works however when i have submitted the assginemt i am getting 4 failures.... i am pasting them below can someone guide me what is it i am doing wrong...student: test_get_minutes.TestGetMinutes.test_just_after_minuteFAILURE[x]Method Description:Test values just after multiples of 60 seconds.Message:FAILURE: AssertionError57 != 9student: test_get_minutes.TestGetMinutes.test_just_before_minuteFAILURE[x]Method Description:Test values just before multiples of 60 seconds.Message:FAILURE: AssertionError56 != 8student: test_get_minutes.TestGetMinutes.test_seconds_on_minuteFAILURE[x]Method Description:Test multiples of 60 seconds.Message:FAILURE: AssertionError57 != 9student: test_get_seconds.TestGetSeconds.test_less_than_60FAILURE[x]Method Description:Test values less than 60.Message:FAILURE: AssertionError59 != 11, Unresolved,0
