Thursday September 5th 2013 3:33 pm -04:00,Hi Im getting a failure here on my feedback:student: test_get_hours.TestGetHours.test_large_inputMethod Description:Test large input.Message:FAILURE: AssertionError9 != 21Could anyone tell me what it means? Maybe give me a clue or a hint?Thanks!, Resolved,1
Friday September 6th 2013 8:49 am -04:00,Oh I see thanks!!, Resolved,0
Saturday September 7th 2013 11:21 am -04:00,Thought I got it but I dont... any hints?, Resolved,1
