Sunday September 15th 2013 4:37 pm -04:00,Hi everyoneIve submitted the a2 and got 23/24. There is a failure at get_complement test with this message:Method Description:Have you tested your function with all 4 nucleotides?Message:FAILURE: AssertionErrorNone != T : Have you tested your function with all 4 nucleotides?I did tested my function for all 4 nucleotides and it does work (including T). Can you tell me whats wrong with my code?bestkasia, Resolved,0
Thursday September 26th 2013 5:36 pm -04:00,hiIve been strugling with board_contains_word function. Ive been trying to use if statement and board_contains_word_in_row and board_contains_word_in_column but every time I got this problem: argument of type function is not iterable - how should I understand it? Id be grateful for every suggestions!kasia, Resolved,0
Friday September 27th 2013 2:44 am -04:00,My proposal was: if word in board_contains_word_in_row or word in board_contains_word_in_column:            return True            return False, Resolved,0
Friday September 27th 2013 2:54 am -04:00,Bob when I do as you suggest i.e. checking if word is in board_contains_word_in_row first I have the same type of error:Traceback (most recent call last):  File <pyshell#59> line 1 in <module>    board_contains_word([[A N T T] [X S O B]] ANT)  File C:\Users\Kasia\Desktop\a3.py line 122 in board_contains_word    if word in board_contains_word_in_row:TypeError: argument of type function is not iterable, Resolved,0
Friday September 27th 2013 4:03 am -04:00,It works! Works! Thank U very much!!!!, Resolved,0
Friday September 27th 2013 5:25 am -04:00,Hi guysI did the word_score function and it seems to work fine but as a feedback I get: Method Description:NoneMessage:FAILURE: AssertionErrorNone != 0 : Wrong score calculated.I assined 0 to words of 1-2 letters and it works in shell...dont know how to solve it...., Unresolved,0
Friday September 27th 2013 12:23 pm -04:00,well I tried several things:-if the length of word is less than 3-if the length of word is egual to 0and every time I end up with the same error..., Unresolved,0
Monday September 30th 2013 12:58 am -04:00,HiIm totaly confused.... Ive been trying to open wordlist1.txt but continue to fail every new attempt (wordlist directory problem). And I want to ask: in the a3.py I should call only the:words_file = askopenfile(mode=r title=Select word list file)words = a3.read_words(words_file)or maybe I should import tkinter? and only then try to open my file in shell? , Unresolved,0
