Monday September 2nd 2013 3:17 pm -04:00,Hello I dont understand the problem with the code:>>> def get_hours(hours):	return (hours/3600)//1>>> get_hours(3610)1.0>>> get_hours(7220)2.0>>> get_hours(2300)0.0>>> _____student: test_get_hours.TestGetHours.test_large_inputMethod Description:Test large input.Message:FAILURE: AssertionError9 != 105.0, Resolved,0
Tuesday September 3rd 2013 12:44 pm -04:00,Result with big is ok or not?>>> get_hours(150000)41.0>>> get_hours(52300256)14527.0>>> get_hours(1234567890)342935.0>>> get_hours(1234567890123456789012345678901234567890)3.4293552503429355e+35>>> get_hours(12345678901234)3429355250.0, Resolved,0
Sunday September 22nd 2013 11:24 am -04:00,Whats wrong?a=0for b in range(524105092):a=a+bIt works:>>> a=0>>> for b in range(2112):a=a+b	>>> a30, Unresolved,0
Sunday September 29th 2013 1:38 pm -04:00,Hey! Help with non squared board for other cases it works:def board_contains_word_in_column(board word):        for column_index in range(len(board)):                if word in make_str_from_column(boardcolumn_index):                        return True        return False>>> board_contains_word_in_column([[A N T T] [X S O B]] NO)    False>>> board_contains_word_in_column([[A N T T] [X S O B]] AX)    True>>> board_contains_word_in_column([[E NA] [X]] AX)Traceback (most recent call last):  File <pyshell#30> line 1 in <module>    board_contains_word_in_column([[E NA] [X]] AX)  File /Users/annalyamina/Documents/Coursera/Learn to Program/Assignment 3/a3_decision.py line 90 in board_contains_word_in_column    if word in make_str_from_column(boardcolumn_index):  File /Users/annalyamina/Documents/Coursera/Learn to Program/Assignment 3/a3_decision.py line 52 in make_str_from_column    s=s+e[column_index]IndexError: list index out of range, Resolved,0
Saturday September 28th 2013 2:27 pm -04:00,Help the problem with double elements:def make_str_from_column(board column_index):, Unresolved,0
Saturday September 28th 2013 3:58 pm -04:00,Thank you! Works!, Unresolved,0
Sunday September 29th 2013 1:28 pm -04:00,Hey dont understand errors..Help?def read_words(words_file):        file=open(words_filer)        s=        for line in file:                s+=line                s=s.replace( )        print(s)>>> read_words(/Users/annalyamina/Documents/Coursera/Learn to Program/Assignment 3/wordlist1.txt)CRUNCHY TEST COWS EAT GRASS student: test_a3.Test_01_ReadWords.test_01_return_typeMessage:ERROR: DisabledBuiltinErrorCalling the open built-in is not permitted.student: test_a3.Test_01_ReadWords.test_02_one_line_fileMessage:ERROR: DisabledBuiltinErrorCalling the open built-in is not permitted.student: test_a3.Test_01_ReadWords.test_03_multi_line_fileMessage:ERROR: DisabledBuiltinErrorCalling the open built-in is not permitted., Unresolved,0
