Monday August 26th 2013 5:22 am -04:00,Γεια σου good luck with learning greek!,None,0
Sunday September 1st 2013 10:38 am -04:00,Am i allowed to use it or do i have to find a way round ?Let me know if you want me to provide the code part of the function.Thanks in advance., Resolved,0
Sunday September 1st 2013 2:59 pm -04:00,I got the same issue as above my tests seem to run fine on my code but when i run your module im getting this:FAIL: test_to_float_hours (__main__.TestA1Functions)----------------------------------------------------------------------Traceback (most recent call last):  File C:\Python33\a1_test.py line 19 in test_to_float_hours    self.assertEqual(to_float_hours(0 15 0) 0.25)AssertionError: 25.0 != 0.25----------------------------------------------------------------------Ran 9 tests in 0.024sFAILED (failures=6)I run my a1.py and then yours both files located on python33 folder., Resolved,0
