Thursday September 12th 2013 8:49 am -04:00,I check my code on python so it is working and checking all cases but in report insert sequence and get complementary sequence i got errors.student: test_a2.TestInsertSequence.test_insert_sequence_at_beginningFAILURE[x]Method Description:Have you tested your function where you insert at the beginning of dna1?Message:FAILURE: AssertionErrorNone != ATTACGAG : Have you tested your function where you insert at the beginning of dna1?student: test_a2.TestInsertSequence.test_insert_sequence_at_endFAILURE[x]Method Description:Have you tested your function where you insert at the end of dna1?Message:FAILURE: AssertionErrorNone != TACGAGAT : Have you tested your function where you insert at the end of dna1?student: test_a2.TestInsertSequence.test_insert_sequence_example_from_handoutFAILURE[x]Method Description:Have you tested your function on the example in the handout?Message:FAILURE: AssertionErrorNone != CCATGG : Have you tested your function on the example in the handout?student: test_a2.TestGetComplementarySequence.test_get_complementary_sequence_emptyFAILURE[x]Method Description:Have you tested your function on a zero-length sequence?Message:FAILURE: AssertionErrorNone !=  : Have you tested your function on a zero-length sequence?student: test_a2.TestGetComplementarySequence.test_get_complementary_sequence_handout_exampleFAILURE[x]Method Description:Have you tested your function on the example in the handout?Message:FAILURE: AssertionErrorNone != TA : Have you tested your function on the example in the handout?student: test_a2.TestGetComplementarySequence.test_get_complementary_sequence_longFAILURE[x]Method Description:Have you tested your function on a sequence with multiple occurrences        of each nucleotide?Message:FAILURE: AssertionErrorNone != TAGCTAGC : Have you tested your function on a sequence with multiple occurrences            of each nucleotide?, Resolved,0
Thursday September 12th 2013 8:57 am -04:00,I am not printing the code and so can i post my code??, Resolved,0
Thursday September 12th 2013 9:05 am -04:00,I am not getting you and why is the test report and python output different ., Resolved,0
Thursday September 12th 2013 9:12 am -04:00,Anonymous yes in return function i use print function in insert_sequence and get_complementary_sequence., Resolved,0
Thursday September 12th 2013 9:29 am -04:00,Thanks AnonymousNow i get full marks., Resolved,0
