Sunday September 29th 2013 11:05 am -04:00,I ran my code in IDLE and it worked fine. However when I uploaded the file to Coursera for submission the results contained a few errors which I have no ideas why.Could someone please explain why? Many thanks.The submission report is as below.Group    All    Pass    Fail    Error    Warning    View	 		student		37		20		8		9		0		Detail 	Summary: test_a3 (student)3720890student: test_a3.Test_02_ReadBoard.test_01_return_typeERROR[x]Method Description:NoneMessage:ERROR: DisabledBuiltinErrorCalling the open built-in is not permitted.	student: test_a3.Test_02_ReadBoard.test_02_square_symmetric_boardERROR	student: test_a3.Test_02_ReadBoard.test_03_rectangular_assymetric_boardERROR	student: test_a3.Test_02_ReadBoard.test_03_square_assymetric_boardERROR	student: test_a3.Test_11_NumWordsOnBoard.test_01_return_typeFAILURE	student: test_a3.Test_11_NumWordsOnBoard.test_02_normalFAILURE	student: test_a3.Test_11_NumWordsOnBoard.test_03_emptyFAILURE	student: test_a3.Test_11_NumWordsOnBoard.test_04_none_presentFAILURE	student: test_a3.Test_09_WordScore.test_01_return_typeSUCCESS	student: test_a3.Test_09_WordScore.test_02_tiny_wordSUCCESS	student: test_a3.Test_09_WordScore.test_03_short_wordFAILURE	student: test_a3.Test_09_WordScore.test_04_medium_wordFAILURE	student: test_a3.Test_09_WordScore.test_05_long_wordSUCCESS	student: test_a3.Test_10_UpdateScore.test_01_return_typeERROR	student: test_a3.Test_10_UpdateScore.test_02_wordERROR	student: test_a3.Test_08_BoardContainsWord.test_01_return_typeSUCCESS	student: test_a3.Test_08_BoardContainsWord.test_02_word_in_middle_colFAILURE	student: test_a3.Test_08_BoardContainsWord.test_03_word_in_middle_rowSUCCESS	student: test_a3.Test_08_BoardContainsWord.test_04_word_not_in_middleSUCCESS	student: test_a3.Test_06_MakeStrFromColumn.test_01_return_typeSUCCESS	student: test_a3.Test_06_MakeStrFromColumn.test_02_middle_columnSUCCESS	student: test_a3.Test_06_MakeStrFromColumn.test_03_end_columnsSUCCESS	student: test_a3.Test_01_ReadWords.test_01_return_typeERROR	student: test_a3.Test_01_ReadWords.test_02_one_line_fileERROR	student: test_a3.Test_01_ReadWords.test_03_multi_line_fileERROR	student: test_a3.Test_07_BoardContainsWordInColumn.test_01_return_typeSUCCESS	student: test_a3.Test_07_BoardContainsWordInColumn.test_02_word_in_middleSUCCESS	student: test_a3.Test_07_BoardContainsWordInColumn.test_03_word_not_in_middleSUCCESS	student: test_a3.Test_07_BoardContainsWordInColumn.test_04_word_end_of_colSUCCESS	student: test_a3.Test_07_BoardContainsWordInColumn.test_05_word_end_colFAILURE	student: test_a3.Test_03_IsValidWord.test_01_return_typeSUCCESS	student: test_a3.Test_03_IsValidWord.test_02_full_word_presentSUCCESS	student: test_a3.Test_03_IsValidWord.test_03_full_word_not_presentSUCCESS	student: test_a3.Test_03_IsValidWord.test_04_subset_wordSUCCESS	    Total    37    20    8    9    0    , Unresolved,0
Sunday September 29th 2013 8:28 pm -04:00,Thanks guys for your replies.The error message is as below.Method Description:NoneMessage:ERROR: NameErrorglobal name board is not defined, Unresolved,0
Sunday September 29th 2013 9:47 pm -04:00,I understand that board is unknown to Python in the error message; however isnt board declared in a3_driver.py already? Do we assume a3_driver.py is run prior to a3.py in the python autograding system?Thanks for your help!, Unresolved,0
