Friday September 20th 2013 1:10 pm -04:00,Some of the test cases returned a FAILURE but they seem to run fine in the python3 shell on my machine. Please helpTeststudent: test_a2.TestGetComplementarySequence.test_get_complementary_sequence_handout_exampleMessage:Message:FAILURE: AssertionError != TA+ TA : Have you tested your function on the example in the handout?Teststudent: test_a2.TestGetComplementarySequence.test_get_complementary_sequence_longMessage:FAILURE: AssertionError != TAGCTAGC+ TAGCTAGC : Have you tested your function on a sequence with multiple occurrences            of each nucleotide?Test:student: test_a2.TestCountNucleotides.test_count_nucleotides_examples_from_docstringMessage:FAILURE: AssertionError0 != 2 : Have you tested your function on the examples in the docstring?Test:student: test_a2.TestCountNucleotides.test_count_nucleotides_examples_other_nucleotidesMessage:FAILURE: AssertionError0 != 2 : Have you tested your function on all four nucleotides?Test:student: test_a2.TestGetComplement.test_get_complementMessage:FAILURE: AssertionError != T+ T : Have you tested your function with all 4 nucleotides?Test:student: test_a2.TestIsValidSequence.test_is_valid_sequence_all_nucleotidesMessage:FAILURE: AssertionErrorFalse is not true : Have you tested your function with a valid DNA sequeunce that uses            all the nucleotides?, Resolved,0
Friday September 20th 2013 2:10 pm -04:00,No there arent any print statements in the codeshould I post my code here?, Resolved,0
Friday September 20th 2013 2:42 pm -04:00,TTAGC2FalseTrue, Resolved,0
Friday September 20th 2013 2:56 pm -04:00,I dont have the all the different versions but I do have the latest one submitted to the assignment grader and the grader gave 5 failures and 19 successes. What should I do?, Resolved,0
Friday September 20th 2013 3:05 pm -04:00,Alan - the variables are named correctly no mistake about that. Function design:At the beginning of the function Im initializing the variable to an empty string then a loop or a nested loop will modify it and at the end of the function the modified variable is returned, Resolved,0
Friday September 20th 2013 3:55 pm -04:00,def get_complement(nuc):    (str) -> str            comple =     if nuc is A:        comple = T    elif nuc is T:        comple = A    elif nuc is C:        comple = G    elif nuc is G:        comple = C    return complethe get_complement_sequence calls this function inside a for loop, Resolved,0
Friday September 20th 2013 4:34 pm -04:00,Thanks that solved the issue with the grader but is didnt create a problem in the python3 shell on my machine any idea why?, Resolved,0
Friday September 20th 2013 4:44 pm -04:00,Version - python 3.3.1 - got it along with Linux Mint 15, Resolved,0
Friday September 20th 2013 4:57 pm -04:00,Thank you all :), Resolved,0
