Sunday September 1st 2013 1:06 am -04:00,Im having the same issue with the attribute error. Some functions work others dont (at least with regard to the grader) but they all work just fine locally. My current score is 18/40. , Unresolved,1
Sunday September 1st 2013 12:05 pm -04:00,Im experiencing the same problem as Steven Scherbinksi. I do get feedback from my assignment but it makes no sense and my code works just fine locally. , Resolved Locked,0
Sunday September 1st 2013 2:21 pm -04:00,Im having a little bit of trouble with your grader which confuses me because this shouldnt really happen even having looked at your code. Heres the error I  get:Traceback (most recent call last):  File a1_test.py line 19 in test_to_float_hours    self.assertEqual(to_float_hours(0 15 0) 0.25)AssertionError: 0 != 0.25But with my own code running the same test (0 15 0) I get .25 not 0. My code looks like this:return hours + (minutes / 60) + (seconds / 3600), Resolved,0
