Monday September 16th 2013 12:24 pm -04:00,### Dont change places of parameters:def insert_sequence(dna1dna2index):    (strstrint) -> str### if you expect this results:   >>> insert_sequence(CCGGAT2)   CCATGG     >>> insert_sequence(CCGG AT 4)   CCGGAT   >>> insert_sequence(CCGG AT 0)   ATCCGG, Unresolved,0
Tuesday September 17th 2013 5:53 am -04:00,>>> is_valid_sequence()True, Resolved,0
Tuesday September 17th 2013 8:11 am -04:00,Run at Python IDE result of function  is_valid_sequence()   must be True  , Resolved,0
Wednesday September 18th 2013 1:46 am -04:00,More students discussed with QA testers. Students position - zero length string is acceptable : Yes zero length string is valid DNA: No it same level bug like lowercase char. Students think that exists only four valid values of DNA QA testers say that the fifth value is zero lenght string., Resolved,0
Sunday September 15th 2013 11:36 am -04:00,### OR operator from left to right>>>w or (o in word)w### You need brackets>>>(w or o) in wordTrue, Resolved,0
Sunday September 15th 2013 11:24 am -04:00,###  The second line will be allways Truenucleotide=charif nucleotide==char: , Unresolved,0
Sunday September 15th 2013 11:41 am -04:00,Be patient this time there are no problems like with assignment 1 , Unresolved,0
Sunday September 15th 2013 11:54 am -04:00,Just visit other pages. Late return to page Assignments.  Or use F5. In any case the new assignment can be done only after 1 hour., Unresolved,0
Tuesday September 17th 2013 1:55 am -04:00,### problem with empty lines    if count == 0:        return True    else:        return False### try    if count == 0:        return True    else:        return False, Resolved,1
Tuesday September 17th 2013 2:18 am -04:00,### May be you forgot Save you code and Run module F5 ?### I clear 3 empty lines at your code and change name of function to lowercase### Your code is_valid_sequence(dna) is valid and work properly### I Change test calls to lowercase to and clear >>> behind function answers :>>> is_valid_sequence(ATCT)True### Dont give up - retype you code### Python very sensitive for Space Enter Tab symbols, Resolved,-1
Tuesday September 17th 2013 9:42 am -04:00,Run Python IDE:Menu Open select a2.pyit will open at new window named a2.pyType you functionsAt this window a2.py choise menu File Save At the same window find menu Run Run module F5The main Python window will print ====Restart=====>>>Test your functions and look at results:>>> is_valid_sequence(ATCG)True>>> is_valid_sequence()True>>> is_valid_sequence(A9CT)Falseand more ..., Resolved,0
Tuesday September 17th 2013 3:11 am -04:00,Hi Pier AlbertoDo you run you code and test you functions at  Python IDE ? And later submit valid code. If yes look at Assigment2 Feedback View at table Detail. Found FAILURE. Read test name in left side. It will look like student: test_a2.TestIsValidSequence.test_is_valid_sequence_zero_lengthThis string TestIsValidSequence means that it was test of function is_valid_sequence.The string test_si_valid_sequence_zero_length means that it was test  with parameters   sequence_zero_lengthJust it like you run at Python IDE:>>> is_valid_sequence()True , Resolved,-1
Wednesday September 18th 2013 4:42 am -04:00,### Test you code at Python IDE :>>> is_valid_sequence()True### Write text of your submitting Failure  may be we will explain your code problem, Resolved,-1
Wednesday September 18th 2013 6:45 am -04:00,### Second FAILURE### Start value isresult = False### change to True and run your code test>>> is_valid_sequence()True### you will get wrong answer. Correct your program code.### First FAILURE### test with this values>>>is_valid_sequence(ATaCGGC)False>>>is_valid_sequence(ATYOG)False>>>is_valid_sequence(ATCGC9)False, Resolved,-1
Wednesday September 18th 2013 8:03 am -04:00,### Try use brackets return (count_nucleotides (dna A)+ count_nucleotides (dna T) + count_nucleotides (dna C) + count_nucleotides (dna G))== get_length (dna), Resolved,0
Wednesday September 18th 2013 8:05 am -04:00,### And test>>>is_valid_sequence(GG)>>>is_valid_sequence(AA)>>>is_valid_sequence(TT)>>>is_valid_sequence(CC)>>>is_valid_sequence(), Resolved,-1
Monday September 16th 2013 12:55 pm -04:00,### wrong places of closing brackes   ###  ....  .find(s2)+1, Resolved,1
